Arguments: 
  /home/vzhufk/.nvm/versions/node/v7.10.1/bin/node /usr/share/yarn/bin/yarn.js add jspe

PATH: 
  /home/vzhufk/.nvm/versions/node/v7.10.1/bin:/usr/local/sbin:/usr/local/bin:/usr/sbin:/usr/bin:/sbin:/bin:/usr/games:/usr/local/games:/snap/bin

Yarn version: 
  1.7.0

Node version: 
  7.10.1

Platform: 
  linux x64

Trace: 
  Error: https://registry.yarnpkg.com/jspe: Not found
      at Request.params.callback [as _callback] (/usr/share/yarn/lib/cli.js:65656:18)
      at Request.self.callback (/usr/share/yarn/lib/cli.js:134675:22)
      at emitTwo (events.js:106:13)
      at Request.emit (events.js:194:7)
      at Request.<anonymous> (/usr/share/yarn/lib/cli.js:135658:10)
      at emitOne (events.js:96:13)
      at Request.emit (events.js:191:7)
      at IncomingMessage.<anonymous> (/usr/share/yarn/lib/cli.js:135578:12)
      at Object.onceWrapper (events.js:293:19)
      at emitNone (events.js:91:20)

npm manifest: 
  {
    "name": "bookshelf-filter-orderBy-plugin",
    "version": "1.0.0",
    "description": "Filter and OrderBy DB Collections Plugin for Bookshelf",
    "main": "index.js",
    "author": "Vadym Zhufiak",
    "license": "MIT"
  }

yarn manifest: 
  No manifest

Lockfile: 
  No lockfile
